{
  "run_id": "52287133",
  "started_at": "2026-01-26T14:06:02.028561",
  "finished_at": "2026-01-26T14:06:03.296214",
  "duration_seconds": 1.267653,
  "success": true,
  "error": null,
  "environment": {
    "python_version": "3.11.14",
    "platform": "Linux-6.11.11-linuxkit-aarch64-with-glibc2.41",
    "os": "Linux",
    "os_release": "6.11.11-linuxkit",
    "architecture": "aarch64",
    "hostname": "cb0499584309",
    "git_commit": "unknown",
    "git_branch": "unknown"
  },
  "results": {
    "before": {
      "success": false,
      "exit_code": 1,
      "tests": [
        {
          "nodeid": "tests/test_before.py::TestBeforeImplementation::test_cache_info_method_missing",
          "name": "test_cache_info_method_missing",
          "outcome": "failed"
        },
        {
          "nodeid": "tests/test_before.py::TestBeforeImplementation::test_cache_clear_method_missing",
          "name": "test_cache_clear_method_missing",
          "outcome": "failed"
        },
        {
          "nodeid": "tests/test_before.py::TestBeforeImplementation::test_no_caching_behavior",
          "name": "test_no_caching_behavior",
          "outcome": "failed"
        },
        {
          "nodeid": "tests/test_before.py::TestBeforeImplementation::test_lru_eviction_missing",
          "name": "test_lru_eviction_missing",
          "outcome": "failed"
        },
        {
          "nodeid": "tests/test_before.py::TestBeforeImplementation::test_ttl_expiration_missing",
          "name": "test_ttl_expiration_missing",
          "outcome": "failed"
        },
        {
          "nodeid": "tests/test_before.py::TestBeforeImplementation::test_argument_normalization_missing",
          "name": "test_argument_normalization_missing",
          "outcome": "failed"
        },
        {
          "nodeid": "tests/test_before.py::TestBeforeImplementation::test_unhashable_handling_missing",
          "name": "test_unhashable_handling_missing",
          "outcome": "passed"
        },
        {
          "nodeid": "tests/test_before.py::TestBeforeImplementation::test_cache_statistics_missing",
          "name": "test_cache_statistics_missing",
          "outcome": "failed"
        },
        {
          "nodeid": "tests/test_before.py::TestBeforeImplementation::test_thread_safety_missing",
          "name": "test_thread_safety_missing",
          "outcome": "failed"
        },
        {
          "nodeid": "tests/test_before.py::TestBeforeImplementation::test_metadata_preservation_missing",
          "name": "test_metadata_preservation_missing",
          "outcome": "passed"
        },
        {
          "nodeid": "tests/test_before.py::TestBeforeImplementation::test_complex_arguments_missing",
          "name": "test_complex_arguments_missing",
          "outcome": "failed"
        },
        {
          "nodeid": "tests/test_before.py::test_cache_info_method_missing",
          "name": "test_cache_info_method_missing",
          "outcome": "failed"
        },
        {
          "nodeid": "tests/test_before.py::test_cache_clear_method_missing",
          "name": "test_cache_clear_method_missing",
          "outcome": "failed"
        },
        {
          "nodeid": "tests/test_before.py::test_no_caching_behavior",
          "name": "test_no_caching_behavior",
          "outcome": "failed"
        },
        {
          "nodeid": "tests/test_before.py::test_lru_eviction_missing",
          "name": "test_lru_eviction_missing",
          "outcome": "failed"
        },
        {
          "nodeid": "tests/test_before.py::test_ttl_expiration_missing",
          "name": "test_ttl_expiration_missing",
          "outcome": "failed"
        },
        {
          "nodeid": "tests/test_before.py::test_argument_normalization_missing",
          "name": "test_argument_normalization_missing",
          "outcome": "failed"
        },
        {
          "nodeid": "tests/test_before.py::test_unhashable_handling_missing",
          "name": "test_unhashable_handling_missing",
          "outcome": "passed"
        },
        {
          "nodeid": "tests/test_before.py::test_cache_statistics_missing",
          "name": "test_cache_statistics_missing",
          "outcome": "failed"
        },
        {
          "nodeid": "tests/test_before.py::test_thread_safety_missing",
          "name": "test_thread_safety_missing",
          "outcome": "failed"
        },
        {
          "nodeid": "tests/test_before.py::test_metadata_preservation_missing",
          "name": "test_metadata_preservation_missing",
          "outcome": "passed"
        },
        {
          "nodeid": "tests/test_before.py::test_complex_arguments_missing",
          "name": "test_complex_arguments_missing",
          "outcome": "failed"
        }
      ],
      "summary": {
        "total": 22,
        "passed": 4,
        "failed": 18,
        "errors": 0,
        "skipped": 0,
        "xfailed": 0
      },
      "stdout": "============================= test session starts ==============================\nplatform linux -- Python 3.11.14, pytest-9.0.2, pluggy-1.6.0 -- /usr/local/bin/python\ncachedir: .pytest_cache\nrootdir: /app\ncollecting ... collected 22 items\n\ntests/test_before.py::TestBeforeImplementation::test_cache_info_method_missing FAILED [  4%]\ntests/test_before.py::TestBeforeImplementation::test_cache_clear_method_missing FAILED [  9%]\ntests/test_before.py::TestBeforeImplementation::test_no_caching_behavior FAILED [ 13%]\ntests/test_before.py::TestBeforeImplementation::test_lru_eviction_missing FAILED [ 18%]\ntests/test_before.py::TestBeforeImplementation::test_ttl_expiration_missing FAILED [ 22%]\ntests/test_before.py::TestBeforeImplementation::test_argument_normalization_missing FAILED [ 27%]\ntests/test_before.py::TestBeforeImplementation::test_unhashable_handling_missing PASSED [ 31%]\ntests/test_before.py::TestBeforeImplementation::test_cache_statistics_missing FAILED [ 36%]\ntests/test_before.py::TestBeforeImplementation::test_thread_safety_missing FAILED [ 40%]\ntests/test_before.py::TestBeforeImplementation::test_metadata_preservation_missing PASSED [ 45%]\ntests/test_before.py::TestBeforeImplementation::test_complex_arguments_missing FAILED [ 50%]\ntests/test_before.py::test_cache_info_method_missing FAILED              [ 54%]\ntests/test_before.py::test_cache_clear_method_missing FAILED             [ 59%]\ntests/test_before.py::test_no_caching_behavior FAILED                    [ 63%]\ntests/test_before.py::test_lru_eviction_missing FAILED                   [ 68%]\ntests/test_before.py::test_ttl_expiration_missing FAILED                 [ 72%]\ntests/test_before.py::test_argument_normalization_missing FAILED         [ 77%]\ntests/test_before.py::test_unhashable_handling_missing PASSED            [ 81%]\ntests/test_before.py::test_cache_statistics_missing FAILED               [ 86%]\ntests/test_before.py::test_thread_safety_missing FAILED                  [ 90%]\ntests/test_before.py::test_metadata_preservation_missing PASSED          [ 95%]\ntests/test_before.py::test_complex_arguments_missing FAILED              [100%]\n\n=================================== FAILURES ===================================\n___________ TestBeforeImplementation.test_cache_info_method_missing ____________\ntests/resources/test_before.py:25: in test_cache_info_method_missing\n    assert hasattr(test_func, 'cache_info'), \"cache_info method should exist but doesn't\"\nE   AssertionError: cache_info method should exist but doesn't\nE   assert False\nE    +  where False = hasattr(<function TestBeforeImplementation.test_cache_info_method_missing.<locals>.test_func at 0xffff7d125800>, 'cache_info')\n___________ TestBeforeImplementation.test_cache_clear_method_missing ___________\ntests/resources/test_before.py:34: in test_cache_clear_method_missing\n    assert hasattr(test_func, 'cache_clear'), \"cache_clear method should exist but doesn't\"\nE   AssertionError: cache_clear method should exist but doesn't\nE   assert False\nE    +  where False = hasattr(<function TestBeforeImplementation.test_cache_clear_method_missing.<locals>.test_func at 0xffff7d125120>, 'cache_clear')\n______________ TestBeforeImplementation.test_no_caching_behavior _______________\ntests/resources/test_before.py:56: in test_no_caching_behavior\n    assert call_count == 1, f\"Expected 1 call (cached), but got {call_count} calls\"\nE   AssertionError: Expected 1 call (cached), but got 2 calls\nE   assert 2 == 1\n______________ TestBeforeImplementation.test_lru_eviction_missing ______________\ntests/resources/test_before.py:70: in test_lru_eviction_missing\n    stats = test_func.cache_info()\n            ^^^^^^^^^^^^^^^^^^^^\nE   AttributeError: 'function' object has no attribute 'cache_info'\n_____________ TestBeforeImplementation.test_ttl_expiration_missing _____________\ntests/resources/test_before.py:84: in test_ttl_expiration_missing\n    stats = test_func.cache_info()\n            ^^^^^^^^^^^^^^^^^^^^\nE   AttributeError: 'function' object has no attribute 'cache_info'\n_________ TestBeforeImplementation.test_argument_normalization_missing _________\ntests/resources/test_before.py:103: in test_argument_normalization_missing\n    assert call_count == 1, f\"Expected 1 call (normalized), but got {call_count} calls\"\nE   AssertionError: Expected 1 call (normalized), but got 3 calls\nE   assert 3 == 1\n____________ TestBeforeImplementation.test_cache_statistics_missing ____________\ntests/resources/test_before.py:136: in test_cache_statistics_missing\n    stats = test_func.cache_info()\n            ^^^^^^^^^^^^^^^^^^^^\nE   AttributeError: 'function' object has no attribute 'cache_info'\n_____________ TestBeforeImplementation.test_thread_safety_missing ______________\ntests/resources/test_before.py:170: in test_thread_safety_missing\n    stats = test_func.cache_info()\n            ^^^^^^^^^^^^^^^^^^^^\nE   AttributeError: 'function' object has no attribute 'cache_info'\n___________ TestBeforeImplementation.test_complex_arguments_missing ____________\ntests/resources/test_before.py:201: in test_complex_arguments_missing\n    assert call_count == 1, f\"Expected 1 call (normalized), but got {call_count} calls\"\nE   AssertionError: Expected 1 call (normalized), but got 4 calls\nE   assert 4 == 1\n________________________ test_cache_info_method_missing ________________________\ntests/test_before.py:16: in test_cache_info_method_missing\n    test_instance.test_cache_info_method_missing()\ntests/resources/test_before.py:25: in test_cache_info_method_missing\n    assert hasattr(test_func, 'cache_info'), \"cache_info method should exist but doesn't\"\nE   AssertionError: cache_info method should exist but doesn't\nE   assert False\nE    +  where False = hasattr(<function TestBeforeImplementation.test_cache_info_method_missing.<locals>.test_func at 0xffff7d126660>, 'cache_info')\n_______________________ test_cache_clear_method_missing ________________________\ntests/test_before.py:22: in test_cache_clear_method_missing\n    test_instance.test_cache_clear_method_missing()\ntests/resources/test_before.py:34: in test_cache_clear_method_missing\n    assert hasattr(test_func, 'cache_clear'), \"cache_clear method should exist but doesn't\"\nE   AssertionError: cache_clear method should exist but doesn't\nE   assert False\nE    +  where False = hasattr(<function TestBeforeImplementation.test_cache_clear_method_missing.<locals>.test_func at 0xffff7d1265c0>, 'cache_clear')\n___________________________ test_no_caching_behavior ___________________________\ntests/test_before.py:28: in test_no_caching_behavior\n    test_instance.test_no_caching_behavior()\ntests/resources/test_before.py:56: in test_no_caching_behavior\n    assert call_count == 1, f\"Expected 1 call (cached), but got {call_count} calls\"\nE   AssertionError: Expected 1 call (cached), but got 2 calls\nE   assert 2 == 1\n__________________________ test_lru_eviction_missing ___________________________\ntests/test_before.py:34: in test_lru_eviction_missing\n    test_instance.test_lru_eviction_missing()\ntests/resources/test_before.py:70: in test_lru_eviction_missing\n    stats = test_func.cache_info()\n            ^^^^^^^^^^^^^^^^^^^^\nE   AttributeError: 'function' object has no attribute 'cache_info'\n_________________________ test_ttl_expiration_missing __________________________\ntests/test_before.py:40: in test_ttl_expiration_missing\n    test_instance.test_ttl_expiration_missing()\ntests/resources/test_before.py:84: in test_ttl_expiration_missing\n    stats = test_func.cache_info()\n            ^^^^^^^^^^^^^^^^^^^^\nE   AttributeError: 'function' object has no attribute 'cache_info'\n_____________________ test_argument_normalization_missing ______________________\ntests/test_before.py:46: in test_argument_normalization_missing\n    test_instance.test_argument_normalization_missing()\ntests/resources/test_before.py:103: in test_argument_normalization_missing\n    assert call_count == 1, f\"Expected 1 call (normalized), but got {call_count} calls\"\nE   AssertionError: Expected 1 call (normalized), but got 3 calls\nE   assert 3 == 1\n________________________ test_cache_statistics_missing _________________________\ntests/test_before.py:58: in test_cache_statistics_missing\n    test_instance.test_cache_statistics_missing()\ntests/resources/test_before.py:136: in test_cache_statistics_missing\n    stats = test_func.cache_info()\n            ^^^^^^^^^^^^^^^^^^^^\nE   AttributeError: 'function' object has no attribute 'cache_info'\n__________________________ test_thread_safety_missing __________________________\ntests/test_before.py:64: in test_thread_safety_missing\n    test_instance.test_thread_safety_missing()\ntests/resources/test_before.py:170: in test_thread_safety_missing\n    stats = test_func.cache_info()\n            ^^^^^^^^^^^^^^^^^^^^\nE   AttributeError: 'function' object has no attribute 'cache_info'\n________________________ test_complex_arguments_missing ________________________\ntests/test_before.py:76: in test_complex_arguments_missing\n    test_instance.test_complex_arguments_missing()\ntests/resources/test_before.py:201: in test_complex_arguments_missing\n    assert call_count == 1, f\"Expected 1 call (normalized), but got {call_count} calls\"\nE   AssertionError: Expected 1 call (normalized), but got 4 calls\nE   assert 4 == 1\n=========================== short test summary info ============================\nFAILED tests/test_before.py::TestBeforeImplementation::test_cache_info_method_missing\nFAILED tests/test_before.py::TestBeforeImplementation::test_cache_clear_method_missing\nFAILED tests/test_before.py::TestBeforeImplementation::test_no_caching_behavior\nFAILED tests/test_before.py::TestBeforeImplementation::test_lru_eviction_missing\nFAILED tests/test_before.py::TestBeforeImplementation::test_ttl_expiration_missing\nFAILED tests/test_before.py::TestBeforeImplementation::test_argument_normalization_missing\nFAILED tests/test_before.py::TestBeforeImplementation::test_cache_statistics_missing\nFAILED tests/test_before.py::TestBeforeImplementation::test_thread_safety_missing\nFAILED tests/test_before.py::TestBeforeImplementation::test_complex_arguments_missing\nFAILED tests/test_before.py::test_cache_info_method_missing - AssertionError:...\nFAILED tests/test_before.py::test_cache_clear_method_missing - AssertionError...\nFAILED tests/test_before.py::test_no_caching_behavior - AssertionError: Expec...\nFAILED tests/test_before.py::test_lru_eviction_missing - AttributeError: 'fun...\nFAILED tests/test_before.py::test_ttl_expiration_missing - AttributeError: 'f...\nFAILED tests/test_before.py::test_argument_normalization_missing - AssertionE...\nFAILED tests/test_before.py::test_cache_statistics_missing - AttributeError: ...\nFAILED tests/test_before.py::test_thread_safety_missing - AttributeError: 'fu...\nFAILED tests/test_before.py::test_complex_arguments_missing - AssertionError:...\n========================= 18 failed, 4 passed in 0.55s =========================\n",
      "stderr": ""
    },
    "after": {
      "success": true,
      "exit_code": 0,
      "tests": [
        {
          "nodeid": "tests/test_after.py::TestAfterImplementation::test_cache_info_method_exists",
          "name": "test_cache_info_method_exists",
          "outcome": "passed"
        },
        {
          "nodeid": "tests/test_after.py::TestAfterImplementation::test_cache_clear_method_exists",
          "name": "test_cache_clear_method_exists",
          "outcome": "passed"
        },
        {
          "nodeid": "tests/test_after.py::TestAfterImplementation::test_basic_caching_behavior",
          "name": "test_basic_caching_behavior",
          "outcome": "passed"
        },
        {
          "nodeid": "tests/test_after.py::TestAfterImplementation::test_lru_eviction",
          "name": "test_lru_eviction",
          "outcome": "passed"
        },
        {
          "nodeid": "tests/test_after.py::TestAfterImplementation::test_ttl_expiration",
          "name": "test_ttl_expiration",
          "outcome": "passed"
        },
        {
          "nodeid": "tests/test_after.py::TestAfterImplementation::test_thread_safety",
          "name": "test_thread_safety",
          "outcome": "passed"
        },
        {
          "nodeid": "tests/test_after.py::TestAfterImplementation::test_argument_normalization",
          "name": "test_argument_normalization",
          "outcome": "passed"
        },
        {
          "nodeid": "tests/test_after.py::TestAfterImplementation::test_unhashable_arguments",
          "name": "test_unhashable_arguments",
          "outcome": "passed"
        },
        {
          "nodeid": "tests/test_after.py::TestAfterImplementation::test_cache_clear",
          "name": "test_cache_clear",
          "outcome": "passed"
        },
        {
          "nodeid": "tests/test_after.py::TestAfterImplementation::test_metadata_preservation",
          "name": "test_metadata_preservation",
          "outcome": "passed"
        },
        {
          "nodeid": "tests/test_after.py::TestAfterImplementation::test_complex_arguments",
          "name": "test_complex_arguments",
          "outcome": "passed"
        },
        {
          "nodeid": "tests/test_after.py::test_cache_info_method_exists",
          "name": "test_cache_info_method_exists",
          "outcome": "passed"
        },
        {
          "nodeid": "tests/test_after.py::test_cache_clear_method_exists",
          "name": "test_cache_clear_method_exists",
          "outcome": "passed"
        },
        {
          "nodeid": "tests/test_after.py::test_basic_caching_behavior",
          "name": "test_basic_caching_behavior",
          "outcome": "passed"
        },
        {
          "nodeid": "tests/test_after.py::test_lru_eviction",
          "name": "test_lru_eviction",
          "outcome": "passed"
        },
        {
          "nodeid": "tests/test_after.py::test_ttl_expiration",
          "name": "test_ttl_expiration",
          "outcome": "passed"
        },
        {
          "nodeid": "tests/test_after.py::test_thread_safety",
          "name": "test_thread_safety",
          "outcome": "passed"
        },
        {
          "nodeid": "tests/test_after.py::test_argument_normalization",
          "name": "test_argument_normalization",
          "outcome": "passed"
        },
        {
          "nodeid": "tests/test_after.py::test_unhashable_arguments",
          "name": "test_unhashable_arguments",
          "outcome": "passed"
        },
        {
          "nodeid": "tests/test_after.py::test_cache_clear",
          "name": "test_cache_clear",
          "outcome": "passed"
        },
        {
          "nodeid": "tests/test_after.py::test_metadata_preservation",
          "name": "test_metadata_preservation",
          "outcome": "passed"
        },
        {
          "nodeid": "tests/test_after.py::test_complex_arguments",
          "name": "test_complex_arguments",
          "outcome": "passed"
        }
      ],
      "summary": {
        "total": 22,
        "passed": 22,
        "failed": 0,
        "errors": 0,
        "skipped": 0,
        "xfailed": 0
      },
      "stdout": "============================= test session starts ==============================\nplatform linux -- Python 3.11.14, pytest-9.0.2, pluggy-1.6.0 -- /usr/local/bin/python\ncachedir: .pytest_cache\nrootdir: /app\ncollecting ... collected 22 items\n\ntests/test_after.py::TestAfterImplementation::test_cache_info_method_exists PASSED [  4%]\ntests/test_after.py::TestAfterImplementation::test_cache_clear_method_exists PASSED [  9%]\ntests/test_after.py::TestAfterImplementation::test_basic_caching_behavior PASSED [ 13%]\ntests/test_after.py::TestAfterImplementation::test_lru_eviction PASSED   [ 18%]\ntests/test_after.py::TestAfterImplementation::test_ttl_expiration PASSED [ 22%]\ntests/test_after.py::TestAfterImplementation::test_thread_safety PASSED  [ 27%]\ntests/test_after.py::TestAfterImplementation::test_argument_normalization PASSED [ 31%]\ntests/test_after.py::TestAfterImplementation::test_unhashable_arguments PASSED [ 36%]\ntests/test_after.py::TestAfterImplementation::test_cache_clear PASSED    [ 40%]\ntests/test_after.py::TestAfterImplementation::test_metadata_preservation PASSED [ 45%]\ntests/test_after.py::TestAfterImplementation::test_complex_arguments PASSED [ 50%]\ntests/test_after.py::test_cache_info_method_exists PASSED                [ 54%]\ntests/test_after.py::test_cache_clear_method_exists PASSED               [ 59%]\ntests/test_after.py::test_basic_caching_behavior PASSED                  [ 63%]\ntests/test_after.py::test_lru_eviction PASSED                            [ 68%]\ntests/test_after.py::test_ttl_expiration PASSED                          [ 72%]\ntests/test_after.py::test_thread_safety PASSED                           [ 77%]\ntests/test_after.py::test_argument_normalization PASSED                  [ 81%]\ntests/test_after.py::test_unhashable_arguments PASSED                    [ 86%]\ntests/test_after.py::test_cache_clear PASSED                             [ 90%]\ntests/test_after.py::test_metadata_preservation PASSED                   [ 95%]\ntests/test_after.py::test_complex_arguments PASSED                       [100%]\n\n============================== 22 passed in 0.38s ==============================\n",
      "stderr": ""
    },
    "comparison": {
      "before_tests_passed": false,
      "after_tests_passed": true,
      "before_total": 22,
      "before_passed": 4,
      "before_failed": 18,
      "after_total": 22,
      "after_passed": 22,
      "after_failed": 0
    }
  }
}