-------------------------------------------------------------------------------
Test set: com.example.studentapi.controller.StudentAggregationControllerTest
-------------------------------------------------------------------------------
Tests run: 6, Failures: 3, Errors: 0, Skipped: 0, Time elapsed: 22.44 s <<< FAILURE! -- in com.example.studentapi.controller.StudentAggregationControllerTest
com.example.studentapi.controller.StudentAggregationControllerTest.aggregateStudents_WithEmptyName_ShouldReturnBadRequest -- Time elapsed: 5.976 s <<< FAILURE!
java.lang.AssertionError: Status expected:<400> but was:<200>
	at org.springframework.test.util.AssertionErrors.fail(AssertionErrors.java:59)
	at org.springframework.test.util.AssertionErrors.assertEquals(AssertionErrors.java:122)
	at org.springframework.test.web.servlet.result.StatusResultMatchers.lambda$matcher$9(StatusResultMatchers.java:637)
	at org.springframework.test.web.servlet.MockMvc$1.andExpect(MockMvc.java:214)
	at com.example.studentapi.controller.StudentAggregationControllerTest.aggregateStudents_WithEmptyName_ShouldReturnBadRequest(StudentAggregationControllerTest.java:92)
	at java.base/java.lang.reflect.Method.invoke(Method.java:569)
	at java.base/java.util.ArrayList.forEach(ArrayList.java:1511)
	at java.base/java.util.ArrayList.forEach(ArrayList.java:1511)

com.example.studentapi.controller.StudentAggregationControllerTest.aggregateStudents_WithEmptyList_ReturnsEmptyResult -- Time elapsed: 0.505 s
com.example.studentapi.controller.StudentAggregationControllerTest.aggregateStudents_WithInvalidInput_ShouldReturnBadRequest -- Time elapsed: 0.014 s <<< FAILURE!
java.lang.AssertionError: Status expected:<400> but was:<200>
	at org.springframework.test.util.AssertionErrors.fail(AssertionErrors.java:59)
	at org.springframework.test.util.AssertionErrors.assertEquals(AssertionErrors.java:122)
	at org.springframework.test.web.servlet.result.StatusResultMatchers.lambda$matcher$9(StatusResultMatchers.java:637)
	at org.springframework.test.web.servlet.MockMvc$1.andExpect(MockMvc.java:214)
	at com.example.studentapi.controller.StudentAggregationControllerTest.aggregateStudents_WithInvalidInput_ShouldReturnBadRequest(StudentAggregationControllerTest.java:70)
	at java.base/java.lang.reflect.Method.invoke(Method.java:569)
	at java.base/java.util.ArrayList.forEach(ArrayList.java:1511)
	at java.base/java.util.ArrayList.forEach(ArrayList.java:1511)

com.example.studentapi.controller.StudentAggregationControllerTest.aggregateStudents_AverageCalculation_ShouldBeAccurate -- Time elapsed: 0.016 s <<< FAILURE!
java.lang.AssertionError: JSON path "$.averageScore" expected:<85.33333333333333> but was:<85.0>
	at org.springframework.test.util.AssertionErrors.fail(AssertionErrors.java:59)
	at org.springframework.test.util.AssertionErrors.assertEquals(AssertionErrors.java:122)
	at org.springframework.test.util.JsonPathExpectationsHelper.assertValue(JsonPathExpectationsHelper.java:123)
	at org.springframework.test.web.servlet.result.JsonPathResultMatchers.lambda$value$2(JsonPathResultMatchers.java:111)
	at org.springframework.test.web.servlet.MockMvc$1.andExpect(MockMvc.java:214)
	at com.example.studentapi.controller.StudentAggregationControllerTest.aggregateStudents_AverageCalculation_ShouldBeAccurate(StudentAggregationControllerTest.java:49)
	at java.base/java.lang.reflect.Method.invoke(Method.java:569)
	at java.base/java.util.ArrayList.forEach(ArrayList.java:1511)
	at java.base/java.util.ArrayList.forEach(ArrayList.java:1511)

com.example.studentapi.controller.StudentAggregationControllerTest.aggregateStudents_WithMalformedJson_ReturnsBadRequest -- Time elapsed: 0.030 s
com.example.studentapi.controller.StudentAggregationControllerTest.aggregateStudents_WithNullRequest_ReturnsBadRequest -- Time elapsed: 0.010 s
